c:\users\minh\desktop\client\game multiplayer\debug\vc141.pdb
c:\users\minh\desktop\client\game multiplayer\debug\vc141.idb
c:\users\minh\desktop\client\game multiplayer\debug\tmxmap.obj
c:\users\minh\desktop\client\game multiplayer\debug\tmxlayer.obj
c:\users\minh\desktop\client\game multiplayer\debug\tmximagelayer.obj
c:\users\minh\desktop\client\game multiplayer\debug\tmximage.obj
c:\users\minh\desktop\client\game multiplayer\debug\tmxellipse.obj
c:\users\minh\desktop\client\game multiplayer\debug\tinyxml2.obj
c:\users\minh\desktop\client\game multiplayer\debug\base64.obj
c:\users\minh\desktop\client\game multiplayer\debug\main.obj
c:\users\minh\desktop\client\game multiplayer\debug\lobbyscene.obj
c:\users\minh\desktop\client\game multiplayer\debug\label.obj
c:\users\minh\desktop\client\game multiplayer\debug\game.obj
c:\users\minh\desktop\client\game multiplayer\debug\gametime.obj
c:\users\minh\desktop\client\game multiplayer\debug\gamemap.obj
c:\users\minh\desktop\client\game multiplayer\debug\gamelog.obj
c:\users\minh\desktop\client\game multiplayer\debug\gameglobal.obj
c:\users\minh\desktop\client\game multiplayer\debug\gamedebugdraw.obj
c:\users\minh\desktop\client\game multiplayer\debug\gamecollision.obj
c:\users\minh\desktop\client\game multiplayer\debug\entity.obj
c:\users\minh\desktop\client\game multiplayer\debug\camera.obj
c:\users\minh\desktop\client\game multiplayer\debug\animation.obj
c:\users\minh\desktop\client\game multiplayer\debug\scenemanager.obj
c:\users\minh\desktop\client\game multiplayer\debug\roomscene.obj
c:\users\minh\desktop\client\game multiplayer\debug\roomview.obj
c:\users\minh\desktop\client\game multiplayer\debug\quadtree.obj
c:\users\minh\desktop\client\game multiplayer\debug\pointed.obj
c:\users\minh\desktop\client\game multiplayer\debug\player.obj
c:\users\minh\desktop\client\game multiplayer\debug\npc.obj
c:\users\minh\desktop\client\game multiplayer\debug\memorybitstream.obj
c:\users\minh\desktop\client\game multiplayer\debug\tmxutil.obj
c:\users\minh\desktop\client\game multiplayer\debug\tmxtileset.obj
c:\users\minh\desktop\client\game multiplayer\debug\tmxtileoffset.obj
c:\users\minh\desktop\client\game multiplayer\debug\tmxtilelayer.obj
c:\users\minh\desktop\client\game multiplayer\debug\tmxtile.obj
c:\users\minh\desktop\client\game multiplayer\debug\tmxterrainarray.obj
c:\users\minh\desktop\client\game multiplayer\debug\tmxterrain.obj
c:\users\minh\desktop\client\game multiplayer\debug\tmxpropertyset.obj
c:\users\minh\desktop\client\game multiplayer\debug\tmxpolyline.obj
c:\users\minh\desktop\client\game multiplayer\debug\tmxpolygon.obj
c:\users\minh\desktop\client\game multiplayer\debug\tmxobjectgroup.obj
c:\users\minh\desktop\client\game multiplayer\debug\tmxobject.obj
c:\users\minh\desktop\client\game multiplayer\debug\timingscene.obj
c:\users\minh\desktop\client\game multiplayer\debug\spritelist.obj
c:\users\minh\desktop\client\game multiplayer\debug\sprite.obj
c:\users\minh\desktop\client\game multiplayer\debug\miniz.obj
c:\users\minh\desktop\client\debug\client.ilk
c:\users\minh\desktop\client\debug\client.exe
c:\users\minh\desktop\client\debug\client.pdb
c:\users\minh\desktop\client\game multiplayer\debug\client.tlog\cl.command.1.tlog
c:\users\minh\desktop\client\game multiplayer\debug\client.tlog\cl.read.1.tlog
c:\users\minh\desktop\client\game multiplayer\debug\client.tlog\cl.write.1.tlog
c:\users\minh\desktop\client\game multiplayer\debug\client.tlog\link.command.1.tlog
c:\users\minh\desktop\client\game multiplayer\debug\client.tlog\link.read.1.tlog
c:\users\minh\desktop\client\game multiplayer\debug\client.tlog\link.write.1.tlog
